2026-04-24 22:51:33,344 - INFO - «апуск Hik-handler v.0.3.1
2026-04-24 22:53:13,551 - INFO - «апуск Hik-handler v.0.3.1
2026-04-24 22:55:07,684 - INFO - «апуск Hik-handler v.0.3.1
2026-04-24 23:02:21,152 - INFO - «апуск Hik-handler v.0.3.1
2026-04-24 23:02:49,889 - INFO - «апуск Hik-handler v.0.3.1
2026-04-24 23:03:06,014 - INFO - «апуск Hik-handler v.0.3.1
2026-04-24 23:03:36,598 - INFO - «апуск Hik-handler v.0.3.1
2026-04-25 09:01:24,743 - INFO - «апуск Hik-handler v.0.3.1
2026-04-25 09:03:14,107 - INFO - «апуск Hik-handler v.0.3.1
2026-04-25 09:20:07,082 - INFO - «апуск Hik-handler v.0.3.1
2026-04-25 09:32:06,431 - INFO - «апуск Hik-handler v.0.3.1
2026-04-25 09:36:00,068 - INFO - «апуск Hik-handler v.0.3.1
2026-04-25 09:38:56,375 - INFO - «апуск Hik-handler v.0.3.1
2026-04-25 10:22:13,960 - DEBUG - Ћоггер инициализирован
2026-04-25 10:22:13,960 - INFO - «апуск Hik-handler v.0.3.1
2026-04-25 10:28:10,691 - DEBUG - Ћоггер инициализирован
2026-04-25 10:28:10,691 - INFO - «апуск Hik-handler v.0.3.1
2026-04-25 10:44:14,417 - DEBUG - Ћоггер инициализирован
2026-04-25 10:44:14,418 - INFO - «апуск Hik-handler v.0.3.1
2026-04-25 10:59:29,076 - DEBUG - Ћоггер инициализирован
2026-04-25 10:59:29,076 - INFO - «апуск Hik-handler v.0.3.1
2026-04-25 11:02:20,574 - DEBUG - Ћоггер инициализирован
2026-04-25 11:02:20,575 - INFO - «апуск Hik-handler v.0.3.1
2026-04-25 11:04:27,285 - DEBUG - Ћоггер инициализирован
2026-04-25 11:04:27,285 - INFO - «апуск Hik-handler v.0.3.1
2026-04-26 16:19:36,916 - DEBUG - Ћоггер инициализирован
2026-04-26 16:19:36,916 - INFO - «апуск Hik-handler v.0.3.1
2026-04-26 16:21:33,993 - DEBUG - Ћоггер инициализирован
2026-04-26 16:21:33,993 - INFO - «апуск Hik-handler v.0.3.1
2026-04-26 17:14:29,626 - DEBUG - Ћоггер инициализирован
2026-04-26 17:14:29,626 - INFO - «апуск Hik-handler v.0.3.1
2026-04-26 17:18:35,881 - DEBUG - Ћоггер инициализирован
2026-04-26 17:18:35,881 - INFO - «апуск Hik-handler v.0.3.1
2026-04-26 21:32:31,413 - DEBUG - Ћоггер инициализирован
2026-04-26 21:32:31,414 - INFO - «апуск Hik-handler v.0.3.1
2026-04-27 23:25:41,044 - INFO - –°–Є—Б—В–µ–Љ–∞ –ї–Њ–≥–Є—А–Њ–≤–∞–љ–Є—П –Є–љ–Є—Ж–Є–∞–ї–Є–Ј–Є—А–Њ–≤–∞–љ–∞ —Г—Б–њ–µ—И–љ–Њ.
2026-04-27 23:25:41,045 - DEBUG - –§–∞–є–ї –ї–Њ–≥–∞: logs\hik-handler.log, –£—А–Њ–≤–µ–љ—М: DEBUG
2026-04-27 23:25:41,045 - DEBUG - –Ы–Њ–≥–≥–µ—А –Є–љ–Є—Ж–Є–∞–ї–Є–Ј–Є—А–Њ–≤–∞–љ
2026-04-27 23:25:41,045 - INFO - –Ч–∞–њ—Г—Б–Ї Hik-handler v.0.3.1
